You chose the file "C:\Users\Ankit Patel\Desktop\Example 2D and 3D\stoke3D.cpp"
-- FreeFem++ v4.6 (Fri, Apr 03, 2020  2:08:08 PM - git v4.6)
 Load: lg_fem lg_mesh lg_mesh3 eigenvalue
    1 : //A very small example of how to solve the Stokes equation 3d on cube shape
    2 : load "msh3"(load: loadLibary C:\Program Files (x86)\FreeFem++\\.\msh3 = 0) load "medit"(load: loadLibary C:\Program Files (x86)\FreeFem++\\.\medit = 0)  // dynamics load tools for 3d.
    3 : int nn=8;
    4 : mesh Th2=square(nn,nn);
    5 : fespace Vh2(Th2,P2);  Vh2 ux,uz,p2;
    6 : int[int] rup=[0,2],  rdown=[0,1], rmid=[1,1,2,1,3,1,4,1];
    7 : real zmin=0,zmax=1;
    8 : mesh3 Th=buildlayers(Th2,nn,
    9 :   zbound=[zmin,zmax],  reffacemid=rmid,
   10 :   reffaceup = rup,     reffacelow = rdown);
   11 :
   12 : medit("c10x10x10",Th);  // see the 3d mesh with medit software
   13 : fespace VVh(Th,[P2,P2,P2,P1]);
   14 :
   15 :  macro Grad(u) [dx(u),dy(u),dz(u)]  )  // EOM
   16 :  macro div(u1,u2,u3) (dx(u1)+dy(u2)+dz(u3))   )  //EOM
   17 :
   18 : VVh [u1,u2,u3,p];
   19 : VVh [v1,v2,v3,q];
   20 :
   21 : solve vStokes([u1,u2,u3,p],[v1,v2,v3,q]) =
   22 :   int3d(Th,qforder=3)( Grad(u1)   [dx(u1),dy(u1),dz(u1)] '*Grad(v1)   [dx(v1),dy(v1),dz(v1)]  +  Grad(u2)   [dx(u2),dy(u2),dz(u2)] '*Grad(v2)   [dx(v2),dy(v2),dz(v2)]  +  Grad(u3)   [dx(u3),dy(u3),dz(u3)] '*Grad(v3)   [dx(v3),dy(v3),dz(v3)]
   23 :                   - div(u1,u2,u3)    (dx(u1)+dy(u2)+dz(u3))  *q - div(v1,v2,v3)    (dx(v1)+dy(v2)+dz(v3))  *p +
1e-10*q*p )
   24 :   + on(2,u1=1.,u2=0,u3=0) + on(1,u1=0,u2=0,u3=0) ;
   25 :  plot(p,wait=1, nbiso=5);  // a 3d plot of iso  pressure. in progress... march 2009
   26 :  //  to see the 10 cut plan in 2d
   27 : for(int i=1;i<10;i++)
   28 : {
   29 :  real yy=i/10.; // compute yy.
   30 :   // do 3d -> 2d interpolation.
   31 :  ux= u1(x,yy,y); uz= u3(x,yy,y);  p2= p(x,yy,y);
   32 :  plot([ux,uz],p2,cmm=" cut y = "+yy,wait= 1);
   33 : }
   34 :  sizestack + 1024 =2320  ( 1296 )
 
  -- Square mesh : nb vertices  =81 ,  nb triangles = 128 ,  nb boundary edges 32
version de medit ffmedit.exe -popen -filebin 1  c10x10x10
  -- Medit,  Release 3.0a (Nov. 30, 2007)
     Copyright (c) LJLL, 1999-2007.
     compiled:  Fri, Apr 03, 2020 2:43:22 PM (with ff++ 4.6).
 
medit with binary version of popen : mesh(es)
mesh_name= c10x10x10
 Loading data file(s)
End of mesh
  Input seconds:     0.00
 
 medit1()
 
 Building scene(s)
  Creating scene 1
   Loading default options
freeglut (ffmedit.exe): fgInitGL2: fghGenBuffers is NULL
freeglut (ffmedit.exe): fgInitGL2: fghGenBuffers is NULL
freeglut (ffmedit.exe): fgInitGL2: fghGenBuffers is NULL
freeglut (ffmedit.exe): fgInitGL2: fghGenBuffers is NULL
freeglut (ffmedit.exe): fgInitGL2: fghGenBuffers is NULL
freeglut (ffmedit.exe): fgInitGL2: fghGenBuffers is NULL
freeglut (ffmedit.exe): fgInitGL2: fghGenBuffers is NULL
freeglut (ffmedit.exe): fgInitGL2: fghGenBuffers is NULL
freeglut (ffmedit.exe): fgInitGL2: fghGenBuffers is NULL
freeglut (ffmedit.exe): fgInitGL2: fghGenBuffers is NULL
freeglut (ffmedit.exe): fgInitGL2: fghGenBuffers is NULL
  Scene seconds:     0.16
 
 Rendering scene(s)
 
 Total running seconds:  29.72
 Thank you for using Medit.
  -- Build Nodes/DF on mesh :   n.v. 729, n. elmt. 3072, n b. elmt. 768
     nb of Nodes 4913    nb of DoF   15468  DFon=4300
  -- FESpace: Nb of Nodes 4913 Nb of DoF 15468
  -- Solve :
          min -204.702  max 151.243
  Plot::  Sorry no ps version for this type of plot 6
freeglut (ffglut.exe): fgInitGL2: fghGenBuffers is NULL
times: compile 1.936s, execution 70.632s,  mpirank:0
 ######## We forget of deleting   -3 Nb pointer,   0Bytes  ,  mpirank 0, memory leak =0
 CodeAlloc : nb ptr  3760,  size :494024 mpirank: 0
Ok: Normal End
 try getConsole C:\Users\Ankit Patel\Desktop\Example 2D and 3D\stoke3D.cpp
