You chose the file "C:\Users\Ankit Patel\Documents\GitHub\Solving Examples through FreeFem++\Mesh\cone.cpp"
-- FreeFem++ v4.6 (Fri, Apr 03, 2020  2:08:08 PM - git v4.6)
 Load: lg_fem lg_mesh lg_mesh3 eigenvalue
    1 : //CONE
    2 : load "msh3"(load: loadLibary C:\Program Files (x86)\FreeFem++\\.\msh3 = 0)
    3 : load "medit"(load: loadLibary C:\Program Files (x86)\FreeFem++\\.\medit = 0)
    4 :
    5 : // Parameters
    6 : real RR = 1;
    7 : real HH = 1;
    8 :
    9 : int nn=10;
   10 :
   11 : // 2D mesh
   12 : border Taxe(t=0, HH){x=t; y=0; label=0;}
   13 : border Hypo(t=1, 0){x=HH*t; y=RR*t; label=1;}
   14 : border Vert(t=0, RR){x=HH; y=t; label=2;}
   15 : mesh Th2 = buildmesh(Taxe(HH*nn) + Hypo(sqrt(HH*HH+RR*RR)*nn) + Vert(RR*nn));
   16 : plot(Th2, wait=true);
   17 :
   18 : // 3D mesh
   19 : real h = 1./nn;
   20 : int MaxLayersT = (int(2*pi*RR/h)/4)*4;//number of layers
   21 : real zminT = 0;
   22 : real zmaxT = 2*pi; //height 2*pi
   23 : func fx = y*cos(z);
   24 : func fy = y*sin(z);
   25 : func fz = x;
   26 : int[int] r1T = [0,0], r2T = [0,0,2,2], r4T = [0,2];
   27 : //trick function:
   28 : //The function defined the proportion
   29 : //of number layer close to axis with reference MaxLayersT
   30 : func deg = max(.01, y/max(x/HH, 0.4)/RR);
   31 : mesh3 Th3T = buildlayers(Th2, coef=deg, MaxLayersT,
   32 :     zbound=[zminT, zmaxT], transfo=[fx, fy, fz],
   33 :     facemerge=0, region=r1T, labelmid=r2T);
   34 : medit("cone", Th3T);
   35 :  sizestack + 1024 =1616  ( 592 )
 
  --  mesh:  Nb of Triangles =    112, Nb of Vertices 74
version de medit ffmedit.exe -popen -filebin 1  cone
freeglut (ffglut.exe): fgInitGL2: fghGenBuffers is NULL
  -- Medit,  Release 3.0a (Nov. 30, 2007)
     Copyright (c) LJLL, 1999-2007.
     compiled:  Fri, Apr 03, 2020 2:43:22 PM (with ff++ 4.6).
 
medit with binary version of popen : mesh(es)
mesh_name= cone
 Loading data file(s)
End of mesh
  Input seconds:     0.03
 
 medit1()
 
 Building scene(s)
  Creating scene 1
   Loading default options
freeglut (ffmedit.exe): fgInitGL2: fghGenBuffers is NULL
freeglut (ffmedit.exe): fgInitGL2: fghGenBuffers is NULL
freeglut (ffmedit.exe): fgInitGL2: fghGenBuffers is NULL
freeglut (ffmedit.exe): fgInitGL2: fghGenBuffers is NULL
freeglut (ffmedit.exe): fgInitGL2: fghGenBuffers is NULL
freeglut (ffmedit.exe): fgInitGL2: fghGenBuffers is NULL
freeglut (ffmedit.exe): fgInitGL2: fghGenBuffers is NULL
freeglut (ffmedit.exe): fgInitGL2: fghGenBuffers is NULL
freeglut (ffmedit.exe): fgInitGL2: fghGenBuffers is NULL
freeglut (ffmedit.exe): fgInitGL2: fghGenBuffers is NULL
freeglut (ffmedit.exe): fgInitGL2: fghGenBuffers is NULL
  Scene seconds:     0.43
 
 Rendering scene(s)
 
 Total running seconds:  6.37
 Thank you for using Medit.
times: compile 0.494s, execution 7.008s,  mpirank:0
 ######## We forget of deleting   -9 Nb pointer,   0Bytes  ,  mpirank 0, memory leak =0
 CodeAlloc : nb ptr  3692,  size :485216 mpirank: 0
Ok: Normal End
 try getConsole C:\Users\Ankit Patel\Documents\GitHub\Solving Examples through FreeFem++\Mesh\cone.cpp
