You chose the file "C:\Users\Ankit Patel\Documents\GitHub\Solving Examples through FreeFem++\Mesh\egg_shape.cpp"
-- FreeFem++ v4.6 (Fri, Apr 03, 2020  2:08:08 PM - git v4.6)
 Load: lg_fem lg_mesh lg_mesh3 eigenvalue
    1 : //Domain with Cassini egg curve boundary
    2 : border C(t=0, 2*pi) {x=(2*cos(2*t)+3)*cos(t); y=(2*cos(2*t)+3)*sin(t);}
    3 : mesh Th = buildmesh(C(50));
    4 : plot(Th, ps="Cassini.eps", bw=true);
    5 :
    6 : //U-shaped
    7 : real d = 0.1; //width of U-shape
    8 : border L1(t=0, 1-d){x=-1; y=-d-t;}
    9 : border L2(t=0, 1-d){x=-1; y=1-t;}
   10 : border B(t=0, 2){x=-1+t; y=-1;}
   11 : border C1(t=0, 1){x=t-1; y=d;}
   12 : border C2(t=0, 2*d){x=0; y=d-t;}
   13 : border C3(t=0, 1){x=-t; y=-d;}
   14 : border R(t=0, 2){x=1; y=-1+t;}
   15 : border T(t=0, 2){x=1-t; y=1;}
   16 : int n = 5;
   17 : mesh Th = buildmesh(L1(n/2) + L2(n/2) + B(n) + C1(n) + C2(3) + C3(n) + R(n) + T(n)); The identifier Th exists
          the existing type is <PPKN5Fem2D4MeshE>
          the new  type is <PPKN5Fem2D4MeshE>
 
 Error line number 17, in file C:\Users\Ankit Patel\Documents\GitHub\Solving Examples through FreeFem++\Mesh\egg_shape.c†÷’pp, before  token ;
 
  current line = 17
Compile error :
        line number :17, ;
error Compile error :
        line number :17, ;
 code = 1 mpirank: 0
 try getConsole C:\Users\Ankit Patel\Documents\GitHub\Solving Examples through FreeFem++\Mesh\egg_shape.cpp
