You chose the file "C:\Users\Ankit Patel\Documents\GitHub\Solving Examples through FreeFem++\Mesh\L_shaped.cpp"
-- FreeFem++ v4.6 (Fri, Apr 03, 2020  2:08:08 PM - git v4.6)
 Load: lg_fem lg_mesh lg_mesh3 eigenvalue
    1 : //L-shape and Moved L-shaped
    2 :
    3 : verbosity = 4;
    4 :
    5 : // Parameters
    6 : real coef = 1;
    7 :
    8 : // Mesh
    9 : border a(t=0, 1){x=t; y=0; label=1;};
   10 : border b(t=0, 0.5){x=1; y=t; label=1;};
   11 : border c(t=0, 0.5){x=1-t; y=0.5; label=1;};
   12 : border d(t=0.5, 1){x=0.5; y=t; label=1;};
   13 : border e(t=0.5, 1){x=1-t; y=1; label=1;};
   14 : border f(t=0, 1){x=0; y=1-t; label=1;};
   15 : mesh Th = buildmesh(a(6) + b(4) + c(4) + d(4) + e(4) + f(6));
   16 : plot(Th, wait=true, fill=true, ps="Lshape.eps");
   17 :
   18 : // Function
   19 : func uu = sin(y*pi)/10;
   20 : func vv = cos(x*pi)/10;
   21 :
   22 : // Checkmovemesh
   23 : real minT0 = checkmovemesh(Th, [x, y]); //return the min triangle area
   24 : while(1){ // find a correct move mesh
   25 :     real minT = checkmovemesh(Th, [x+coef*uu, y+coef*vv]);
   26 :     if (minT > minT0/5) break; //if big enough
   27 :     coef /= 1.5;
   28 : }
   29 :
   30 : // Movemesh
   31 : Th = movemesh(Th, [x+coef*uu, y+coef*vv]);
   32 : plot(Th, wait=true, fill=true, ps="MovedMesh.eps");
   33 :  sizestack + 1024 =1376  ( 352 )
 
                  Begin: ConstGeometry from nb Border  6
                     Geom: min=[0,0]max =[1,1] hmin = 1.86265e-09
 Nb of common points 6
                     Geom Hmin 0.125
    End ReadGeometry: Number of curves in geometry is 6
 -- Insert initial 28 vertices
  -- Begin of insertion process
 NbSwap of insertion 22 NbSwap/Nbv 0.785714 NbUnSwap 109 Nb UnSwap/Nbv 3.89286
  -- ForceBoundary: number of edges 28
 Number of inforced edges = 0 Nb of Swap 0
 -- Find all internal sub-domains  Number of bounded subdomains = 1 NbOutTriangles = 28
  -- Triangles::NewPoints  nbv (in)  on Boundary  = 28
    Number of new points 51 Number of points which are too close 16 Nb swap = 83 after  NbSwap = 83
    Number of new points 58 Number of points which are too close 5 Nb swap = 18 after  NbSwap = 18
    Number of vertices =58 Number of triangles = 86 NbSwap final = 0 Total number of swaps = 101
  --  mesh:  Nb of Triangles =     86, Nb of Vertices 58
    Nb of Vertices 58 ,  Nb of Triangles 86
    Nb of edge on user boundary  28 ,  Nb of edges on true boundary  28
 number of real boundary edges 28
  -- Mesh: Gibbs: old skyline = 964  new skyline = 370
Plot bound [x,y] 0 0 max [x,y] 1 1
    Nb of Vertices 58 ,  Nb of Triangles 86
    Nb of edge on user boundary  28 ,  Nb of edges on true boundary  28
 number of real boundary edges 28
freeglut (ffglut.exe): fgInitGL2: fghGenBuffers is NULL
Plot bound [x,y] 0 -0.1 max [x,y] 1.1 1.1
times: compile 0.338s, execution 0.367s,  mpirank:0
 CodeAlloc : nb ptr  3635,  size :476272 mpirank: 0
Ok: Normal End
 try getConsole C:\Users\Ankit Patel\Documents\GitHub\Solving Examples through FreeFem++\Mesh\L_shaped.cpp
