You chose the file "C:\Users\Ankit Patel\Documents\GitHub\Solving Examples through FreeFem++\Mesh\smiling_face.cpp"
-- FreeFem++ v4.6 (Fri, Apr 03, 2020  2:08:08 PM - git v4.6)
 Load: lg_fem lg_mesh lg_mesh3 eigenvalue
    1 : //Smiling face (Mouth is changeable)
    2 : real d=0.1; int m = 5; real a = 1.5, b = 2, c = 0.7, e = 0.01;
    3 :
    4 : border F(t=0, 2*pi){x=a*cos(t); y=b*sin(t);}
    5 : border E1(t=0, 2*pi){x=0.2*cos(t)-0.5; y=0.2*sin(t)+0.5;}
    6 : border E2(t=0, 2*pi){x=0.2*cos(t)+0.5; y=0.2*sin(t)+0.5;}
    7 : func real st(real t){
    8 :     return sin(pi*t) - pi/2;
    9 : }
   10 : border C1(t=-0.5, 0.5){x=(1-d)*c*cos(st(t)); y=(1-d)*c*sin(st(t));}
   11 : border C2(t=0, 1){x=((1-d)+d*t)*c*cos(st(0.5)); y=((1-d)+d*t)*c*sin(st(0.5));}
   12 : border C3(t=0.5, -0.5){x=c*cos(st(t)); y=c*sin(st(t));}
   13 : border C4(t=0, 1){x=(1-d*t)*c*cos(st(-0.5)); y=(1-d*t)*c*sin(st(-0.5));}
   14 : border C0(t=0, 2*pi){x=0.1*cos(t); y=0.1*sin(t);}
   15 :
   16 : mesh Th=buildmesh(F(10*m) + C1(2*m) + C2(3) + C3(2*m) + C4(3)
   17 :     + C0(m) + E1(-2*m) + E2(-2*m));
   18 : plot(Th, ps="SmileFace.eps", bw=true);
   19 :  sizestack + 1024 =1440  ( 416 )
 
  --  mesh:  Nb of Triangles =    998, Nb of Vertices 545
times: compile 0.092s, execution 0.051s,  mpirank:0
freeglut (ffglut.exe): fgInitGL2: fghGenBuffers is NULL
 CodeAlloc : nb ptr  3742,  size :479888 mpirank: 0
Ok: Normal End
 try getConsole C:\Users\Ankit Patel\Documents\GitHub\Solving Examples through FreeFem++\Mesh\smiling_face.cpp
