You chose the file "C:\Users\Ankit Patel\Documents\GitHub\Solving Examples through FreeFem++\Mesh\Splitedmesh.cpp"
-- FreeFem++ v4.6 (Fri, Apr 03, 2020  2:08:08 PM - git v4.6)
 Load: lg_fem lg_mesh lg_mesh3 eigenvalue
    1 : // Mesh
    2 : border a(t=0, 2*pi){x=cos(t); y=sin(t); label=1;}
    3 : mesh Th = buildmesh(a(20));
    4 : plot(Th, wait=true, ps="NotSplittedMesh.eps");
    5 :
    6 : // Splitmesh
    7 : Th = splitmesh(Th, 1 + 5*(square(x-0.5) + y*y));
    8 : plot(Th, wait=true, ps="SplittedMesh.eps");
    9 :  sizestack + 1024 =1272  ( 248 )
 
  --  mesh:  Nb of Triangles =     66, Nb of Vertices 44
  -- Splitmesh 0x781280 split  min: 1 max: 10
freeglut (ffglut.exe): fgInitGL2: fghGenBuffers is NULL
times: compile 0.054s, execution 0.143s,  mpirank:0
 ######## We forget of deleting   -4 Nb pointer,   0Bytes  ,  mpirank 0, memory leak =0
 CodeAlloc : nb ptr  3460,  size :469152 mpirank: 0
Ok: Normal End
 try getConsole C:\Users\Ankit Patel\Documents\GitHub\Solving Examples through FreeFem++\Mesh\Splitedmesh.cpp
